INFO 5 E_Commerce.Controllers.AuctionController - Auction/Home has been fired.
INFO 5 E_Commerce.Controllers.AuctionController - Auction/Index has been fired.
INFO 5 E_Commerce.Controllers.AuctionController - Auction/Home has been fired.
INFO 5 E_Commerce.Controllers.AuctionController - Auction/Index has been fired.
INFO 10 E_Commerce.Controllers.AuctionController - Auction/Home has been fired.
INFO 8 E_Commerce.Controllers.AuctionController - Auction/Index has been fired.
INFO 10 E_Commerce.Controllers.AuctionController - Auction/Index has been fired.
INFO 9 E_Commerce.Controllers.AuctionController - Auction/Home has been fired.
INFO 12 E_Commerce.Controllers.AuctionController - Auction/Index has been fired.
INFO 8 E_Commerce.Controllers.AuctionController - Auction/Home has been fired.
INFO 10 E_Commerce.Controllers.AuctionController - Auction/Index has been fired.
INFO 8 E_Commerce.Controllers.AuctionController - Auction/Home has been fired.
INFO 9 E_Commerce.Controllers.AuctionController - Auction/Index has been fired.
INFO 5 E_Commerce.Controllers.AuctionController - Auction/Home has been fired.
INFO 5 E_Commerce.Controllers.AuctionController - Auction/Index has been fired.
INFO 6 E_Commerce.Controllers.AuctionController - Auction/Home has been fired.
INFO 8 E_Commerce.Controllers.AuctionController - Auction/Index has been fired.
INFO 8 E_Commerce.Controllers.AuctionController - Auction/Bid has been fired.
INFO 9 E_Commerce.Controllers.AuctionController - Auction/Home has been fired.
INFO 8 E_Commerce.Controllers.AuctionController - Auction/Index has been fired.
INFO 10 E_Commerce.Controllers.AuctionController - Auction/Home has been fired.
INFO 8 E_Commerce.Controllers.AuctionController - Auction/Index has been fired.
INFO 4 E_Commerce.Controllers.AuctionController - Auction/Home has been fired.
INFO 4 E_Commerce.Controllers.AuctionController - Auction/Index has been fired.
INFO 4 E_Commerce.Controllers.AuctionController - Auction/Bid has been fired.
INFO 4 E_Commerce.Controllers.AuctionController - Auction/IndexGet has been fired.
INFO 6 E_Commerce.Controllers.AuctionController - Auction/Bid has been fired.
INFO 4 E_Commerce.Controllers.AuctionController - Auction/IndexGet has been fired.
INFO 5 E_Commerce.Controllers.AuctionController - Auction/Home has been fired.
INFO 7 E_Commerce.Controllers.AuctionController - Auction/Index has been fired.
INFO 9 E_Commerce.Controllers.AuctionController - Auction/Home has been fired.
INFO 8 E_Commerce.Controllers.AuctionController - Auction/Index has been fired.
INFO 9 E_Commerce.Controllers.AuctionController - Auction/Home has been fired.
INFO 8 E_Commerce.Controllers.AuctionController - Auction/Index has been fired.
INFO 8 E_Commerce.Controllers.AuctionController - Auction/Show has been fired.
INFO 5 E_Commerce.Controllers.AuctionController - Auction/Home has been fired.
INFO 7 E_Commerce.Controllers.AuctionController - Auction/Index has been fired.
INFO 6 E_Commerce.Controllers.AuctionController - Auction/Index has been fired.
INFO 7 E_Commerce.Controllers.AuctionController - Auction/Index has been fired.
INFO 15 E_Commerce.Controllers.AuctionController - Auction/Home has been fired.
INFO 13 E_Commerce.Controllers.AuctionController - Auction/Index has been fired.
INFO 15 E_Commerce.Controllers.AuctionController - Auction/Index has been fired.
INFO 33 E_Commerce.Controllers.AuctionController - Auction/Index has been fired.
INFO 17 E_Commerce.Controllers.AuctionController - Auction/Index has been fired.
INFO 13 E_Commerce.Controllers.AuctionController - Auction/Home has been fired.
INFO 13 E_Commerce.Controllers.AuctionController - Auction/Index has been fired.
INFO 13 E_Commerce.Controllers.AuctionController - Auction/Index has been fired.
INFO 13 E_Commerce.Controllers.AuctionController - Auction/Index has been fired.
INFO 18 E_Commerce.Controllers.AuctionController - Auction/Index has been fired.
INFO 13 E_Commerce.Controllers.AuctionController - Auction/Home has been fired.
INFO 27 E_Commerce.Controllers.AuctionController - Auction/Index has been fired.
INFO 18 E_Commerce.Controllers.AuctionController - Auction/Index has been fired.
INFO 8 E_Commerce.Controllers.AuctionController - Auction/Home has been fired.
INFO 8 E_Commerce.Controllers.AuctionController - Auction/Index has been fired.
INFO 10 E_Commerce.Controllers.AuctionController - Auction/Index has been fired.
INFO 8 E_Commerce.Controllers.AuctionController - Auction/Index has been fired.
INFO 8 E_Commerce.Controllers.AuctionController - Auction/Home has been fired.
INFO 10 E_Commerce.Controllers.AuctionController - Auction/ConfirmCreate has been fired.
INFO 12 E_Commerce.Controllers.AuctionController - Auction/Home has been fired.
INFO 8 E_Commerce.Controllers.AuctionController - Auction/OpenAdmin has been fired.
INFO 8 E_Commerce.Controllers.AuctionController - Auction/OpenConfirm has been fired.
INFO 8 E_Commerce.Controllers.AuctionController - Auction/Home has been fired.
INFO 12 E_Commerce.Controllers.AuctionController - Auction/Index has been fired.
INFO 8 E_Commerce.Controllers.AuctionController - Auction/Index has been fired.
INFO 8 E_Commerce.Controllers.AuctionController - Auction/Home has been fired.
INFO 8 E_Commerce.Controllers.AuctionController - Auction/Index has been fired.
INFO 15 E_Commerce.Controllers.AuctionController - Auction/Show has been fired.
INFO 8 E_Commerce.Controllers.AuctionController - Auction/BidShow has been fired.
INFO 14 E_Commerce.Controllers.AuctionController - Auction/IndexGet has been fired.
INFO 6 E_Commerce.Controllers.AuctionController - Auction/Home has been fired.
INFO 5 E_Commerce.Controllers.AuctionController - Auction/Index has been fired.
INFO 5 E_Commerce.Controllers.AuctionController - Auction/Show has been fired.
INFO 8 E_Commerce.Controllers.AuctionController - Auction/BidShow has been fired.
INFO 8 E_Commerce.Controllers.AuctionController - Auction/Show has been fired.
INFO 5 E_Commerce.Controllers.AuctionController - Auction/BidShow has been fired.
INFO 5 E_Commerce.Controllers.AuctionController - Auction/Show has been fired.
INFO 7 E_Commerce.Controllers.AuctionController - Auction/Home has been fired.
INFO 7 E_Commerce.Controllers.AuctionController - Auction/Index has been fired.
INFO 8 E_Commerce.Controllers.AuctionController - Auction/Index has been fired.
INFO 7 E_Commerce.Controllers.AuctionController - Auction/Index has been fired.
INFO 7 E_Commerce.Controllers.AuctionController - Auction/Index has been fired.
INFO 7 E_Commerce.Controllers.AuctionController - Auction/Index has been fired.
INFO 9 E_Commerce.Controllers.AuctionController - Auction/Home has been fired.
INFO 8 E_Commerce.Controllers.AuctionController - Auction/Index has been fired.
INFO 10 E_Commerce.Controllers.AuctionController - Auction/Index has been fired.
INFO 8 E_Commerce.Controllers.AuctionController - Auction/Index has been fired.
INFO 8 E_Commerce.Controllers.AuctionController - Auction/Home has been fired.
INFO 10 E_Commerce.Controllers.AuctionController - Auction/OpenAdmin has been fired.
INFO 9 E_Commerce.Controllers.AuctionController - Auction/OpenConfirm has been fired.
INFO 10 E_Commerce.Controllers.AuctionController - Auction/Home has been fired.
INFO 10 E_Commerce.Controllers.AuctionController - Auction/Index has been fired.
INFO 9 E_Commerce.Controllers.AuctionController - Auction/Index has been fired.
INFO 9 E_Commerce.Controllers.AuctionController - Auction/Bid has been fired.
INFO 8 E_Commerce.Controllers.AuctionController - Auction/Index has been fired.
INFO 10 E_Commerce.Controllers.AuctionController - Auction/Home has been fired.
INFO 10 E_Commerce.Controllers.AuctionController - Auction/Index has been fired.
INFO 9 E_Commerce.Controllers.AuctionController - Auction/OpenAdmin has been fired.
INFO 11 E_Commerce.Controllers.AuctionController - Auction/ConfirmCreate has been fired.
INFO 11 E_Commerce.Controllers.AuctionController - Auction/Home has been fired.
INFO 15 E_Commerce.Controllers.AuctionController - Auction/OpenAdmin has been fired.
INFO 14 E_Commerce.Controllers.AuctionController - Auction/OpenConfirm has been fired.
INFO 10 E_Commerce.Controllers.AuctionController - Auction/Home has been fired.
INFO 14 E_Commerce.Controllers.AuctionController - Auction/Index has been fired.
INFO 20 E_Commerce.Controllers.AuctionController - Auction/Bid has been fired.
INFO 5 E_Commerce.Controllers.AuctionController - Auction/Home has been fired.
INFO 5 E_Commerce.Controllers.AuctionController - Auction/Index has been fired.
INFO 7 E_Commerce.Controllers.AuctionController - Auction/Bid has been fired.
INFO 5 E_Commerce.Controllers.AuctionController - Auction/Index has been fired.
INFO 5 E_Commerce.Controllers.AuctionController - Auction/Bid has been fired.
INFO 8 E_Commerce.Controllers.AuctionController - Auction/Index has been fired.
INFO 6 E_Commerce.Controllers.AuctionController - Auction/Bid has been fired.
INFO 6 E_Commerce.Controllers.AuctionController - Auction/Index has been fired.
INFO 10 E_Commerce.Controllers.AuctionController - Auction/Bid has been fired.
INFO 6 E_Commerce.Controllers.AuctionController - Auction/Index has been fired.
INFO 10 E_Commerce.Controllers.AuctionController - Auction/Home has been fired.
INFO 9 E_Commerce.Controllers.AuctionController - Auction/Index has been fired.
INFO 8 E_Commerce.Controllers.AuctionController - Auction/Bid has been fired.
INFO 8 E_Commerce.Controllers.AuctionController - Auction/Index has been fired.
INFO 8 E_Commerce.Controllers.AuctionController - Auction/Show has been fired.
INFO 10 E_Commerce.Controllers.AuctionController - Auction/BidShow has been fired.
INFO 8 E_Commerce.Controllers.AuctionController - Auction/Show has been fired.
INFO 12 E_Commerce.Controllers.AuctionController - Auction/Home has been fired.
INFO 10 E_Commerce.Controllers.AuctionController - Auction/Index has been fired.
INFO 8 E_Commerce.Controllers.AuctionController - Auction/Index has been fired.
INFO 9 E_Commerce.Controllers.AuctionController - Auction/Show has been fired.
INFO 9 E_Commerce.Controllers.AuctionController - Auction/BidShow has been fired.
INFO 9 E_Commerce.Controllers.AuctionController - Auction/Show has been fired.
INFO 8 E_Commerce.Controllers.AuctionController - Auction/Home has been fired.
INFO 6 E_Commerce.Controllers.AuctionController - Auction/Index has been fired.
INFO 7 E_Commerce.Controllers.AuctionController - Auction/Index has been fired.
INFO 7 E_Commerce.Controllers.AuctionController - Auction/Bid has been fired.
INFO 6 E_Commerce.Controllers.AuctionController - Auction/Index has been fired.
INFO 8 E_Commerce.Controllers.AuctionController - Auction/Home has been fired.
INFO 5 E_Commerce.Controllers.AuctionController - Auction/Index has been fired.
INFO 5 E_Commerce.Controllers.AuctionController - Auction/Home has been fired.
INFO 7 E_Commerce.Controllers.AuctionController - Auction/ConfirmCreate has been fired.
INFO 5 E_Commerce.Controllers.AuctionController - Auction/Home has been fired.
INFO 5 E_Commerce.Controllers.AuctionController - Auction/Index has been fired.
INFO 7 E_Commerce.Controllers.AuctionController - Auction/Index has been fired.
INFO 8 E_Commerce.Controllers.AuctionController - Auction/Bid has been fired.
INFO 8 E_Commerce.Controllers.AuctionController - Auction/Index has been fired.
INFO 5 E_Commerce.Controllers.AuctionController - Auction/Show has been fired.
